<?xml version="1.0" encoding="UTF-8"?>
<!-- Generated by org.testng.reporters.JUnitXMLReporter -->
<testsuite hostname="NODE351" name="Default test" tests="4" failures="0" timestamp="11 Aug 2016 08:09:12 GMT" time="0.708" errors="0">
  <testcase name="test1" time="0.011" classname="com.gspann.Excelsheet"/>
  <testcase name="test1" time="0.002" classname="com.gspann.Excelsheet"/>
  <testcase name="test1" time="0.002" classname="com.gspann.Excelsheet"/>
  <testcase name="test1" time="0.003" classname="com.gspann.Excelsheet"/>
</testsuite> <!-- Default test -->
