<?xml version="1.0" encoding="UTF-8"?>
<testng-results skipped="0" failed="0" total="4" passed="4">
  <reporter-output>
  </reporter-output>
  <suite name="Default suite" duration-ms="708" started-at="2016-08-11T08:09:11Z" finished-at="2016-08-11T08:09:12Z">
    <groups>
    </groups>
    <test name="Default test" duration-ms="708" started-at="2016-08-11T08:09:11Z" finished-at="2016-08-11T08:09:12Z">
      <class name="com.gspann.Excelsheet">
        <test-method status="PASS" signature="test1(java.lang.String)[pri:0, instance:com.gspann.Excelsheet@4f933fd1]" name="test1" duration-ms="11" started-at="2016-08-11T13:39:12Z" data-provider="myDP" finished-at="2016-08-11T13:39:12Z">
          <params>
            <param index="0">
              <value>
                <![CDATA[Abhishek]]>
              </value>
            </param>
          </params>
          <reporter-output>
          </reporter-output>
        </test-method> <!-- test1 -->
        <test-method status="PASS" signature="test1(java.lang.String)[pri:0, instance:com.gspann.Excelsheet@4f933fd1]" name="test1" duration-ms="2" started-at="2016-08-11T13:39:12Z" data-provider="myDP" finished-at="2016-08-11T13:39:12Z">
          <params>
            <param index="0">
              <value>
                <![CDATA[Anand]]>
              </value>
            </param>
          </params>
          <reporter-output>
          </reporter-output>
        </test-method> <!-- test1 -->
        <test-method status="PASS" signature="test1(java.lang.String)[pri:0, instance:com.gspann.Excelsheet@4f933fd1]" name="test1" duration-ms="2" started-at="2016-08-11T13:39:12Z" data-provider="myDP" finished-at="2016-08-11T13:39:12Z">
          <params>
            <param index="0">
              <value>
                <![CDATA[GSPANN]]>
              </value>
            </param>
          </params>
          <reporter-output>
          </reporter-output>
        </test-method> <!-- test1 -->
        <test-method status="PASS" signature="test1(java.lang.String)[pri:0, instance:com.gspann.Excelsheet@4f933fd1]" name="test1" duration-ms="3" started-at="2016-08-11T13:39:12Z" data-provider="myDP" finished-at="2016-08-11T13:39:12Z">
          <params>
            <param index="0">
              <value>
                <![CDATA[INDIA]]>
              </value>
            </param>
          </params>
          <reporter-output>
          </reporter-output>
        </test-method> <!-- test1 -->
      </class> <!-- com.gspann.Excelsheet -->
    </test> <!-- Default test -->
  </suite> <!-- Default suite -->
</testng-results>
